<?xml version="1.0" encoding="UTF-8"?>
<!-- Generated by org.testng.reporters.JUnitXMLReporter -->
<testsuite hostname="DESKTOP-7MH4E57" ignored="0" name="Test" tests="1" failures="0" timestamp="31 Dec 2018 05:06:39 GMT" time="0.192" errors="0">
  <testcase name="@AfterClass afterClass" time="0.0" classname="testcases.Test1">
    <failure type="java.lang.NoSuchMethodError" message="org.apache.poi.hssf.usermodel.HSSFCellStyle.setFillPattern(S)V">
      <![CDATA[java.lang.NoSuchMethodError: org.apache.poi.hssf.usermodel.HSSFCellStyle.setFillPattern(S)V
	at utility.Read_XLS.writeResultTC_Result(Read_XLS.java:547)
	at utility.SuiteUtility.writeResultUtility6(SuiteUtility.java:43)
	at testcases.Test1.afterClass(Test1.java:131)
	at java.util.concurrent.ThreadPoolExecutor.runWorker(Unknown Source)
	at java.util.concurrent.ThreadPoolExecutor$Worker.run(Unknown Source)
	at java.lang.Thread.run(Unknown Source)
... Removed 10 stack frames]]>
    </failure>
  </testcase> <!-- @AfterClass afterClass -->
  <testcase name="TC1_Home" time="0.008" classname="testcases.Test1">
    <skipped/>
  </testcase> <!-- TC1_Home -->
</testsuite> <!-- Test -->
