<?xml version="1.0" encoding="UTF-8"?>
<testsuite name="Test"
           tests="2"
           failures="1"
           errors="0"
           skipped="1"
           time="0.008">
  <properties />
            <testcase name="afterClass" time="0.000" classname="testcases.Test1">
                <failure type="java.lang.NoSuchMethodError"
                  message="org.apache.poi.hssf.usermodel.HSSFCellStyle.setFillPattern(S)V"
              >
<![CDATA[java.lang.NoSuchMethodError: org.apache.poi.hssf.usermodel.HSSFCellStyle.setFillPattern(S)V
  utility.Read_XLS.writeResultTC_Result(Read_XLS.java:547)
  utility.SuiteUtility.writeResultUtility6(SuiteUtility.java:43)
  testcases.Test1.afterClass(Test1.java:131)
  sun.reflect.NativeMethodAccessorImpl.invoke0(Native Method)
  sun.reflect.NativeMethodAccessorImpl.invoke(Unknown Source)
  sun.reflect.DelegatingMethodAccessorImpl.invoke(Unknown Source)
  java.lang.reflect.Method.invoke(Unknown Source)
  org.testng.internal.MethodInvocationHelper.invokeMethod(MethodInvocationHelper.java:104)
  org.testng.internal.Invoker.invokeConfigurationMethod(Invoker.java:515)
  org.testng.internal.Invoker.invokeConfigurations(Invoker.java:217)
  org.testng.internal.Invoker.invokeConfigurations(Invoker.java:144)
  org.testng.internal.TestMethodWorker.invokeAfterClassMethods(TestMethodWorker.java:217)
  org.testng.internal.TestMethodWorker.run(TestMethodWorker.java:115)
  java.util.concurrent.ThreadPoolExecutor.runWorker(Unknown Source)
  java.util.concurrent.ThreadPoolExecutor$Worker.run(Unknown Source)
  java.lang.Thread.run(Unknown Source)
]]>
      </failure>

          </testcase>
  
            <testcase name="TC1_Home" time="0.0" classname="testcases.Test1">
          <skipped />
    </testcase>
  
  
</testsuite>
